<?xml version="1.0" encoding="UTF-8"?>
<!-- Generated by org.testng.reporters.JUnitReportReporter -->
<testsuite skipped="0" hostname="ABHALERAO2D1" name="com.crm.qa.testCases.ContactsPageTest" tests="1" failures="0" timestamp="29 Jun 2018 13:30:24 GMT" time="26.968" errors="0">
  <testcase name="validateCreateNewContact" time="26.968" classname="com.crm.qa.testCases.ContactsPageTest"/>
</testsuite> <!-- com.crm.qa.testCases.ContactsPageTest -->
