<?xml version="1.0" encoding="UTF-8"?>
<!-- Generated by org.testng.reporters.JUnitReportReporter -->
<testsuite skipped="0" hostname="ABHALERAO2D1" name="com.crm.qa.testCases.LoginPageTest" tests="3" failures="0" timestamp="29 Jun 2018 12:32:54 GMT" time="57.625" errors="0">
  <testcase name="loginPageTitleTest" time="13.495" classname="com.crm.qa.testCases.LoginPageTest"/>
  <testcase name="crmLogoImageTest" time="9.633" classname="com.crm.qa.testCases.LoginPageTest"/>
  <testcase name="loginTest" time="34.497" classname="com.crm.qa.testCases.LoginPageTest"/>
</testsuite> <!-- com.crm.qa.testCases.LoginPageTest -->
