<?xml version="1.0" encoding="UTF-8"?>
<!-- Generated by org.testng.reporters.JUnitReportReporter -->
<testsuite skipped="0" hostname="ABHALERAO2D1" name="com.crm.qa.testCases.HomePageTest" tests="3" failures="0" timestamp="29 Jun 2018 12:32:54 GMT" time="57.424" errors="0">
  <testcase name="verifyHomePageTitelTest" time="18.718" classname="com.crm.qa.testCases.HomePageTest"/>
  <testcase name="verifyCorrectUserNameLabel" time="16.799" classname="com.crm.qa.testCases.HomePageTest"/>
  <testcase name="verifyContactsLinkText" time="21.907" classname="com.crm.qa.testCases.HomePageTest"/>
</testsuite> <!-- com.crm.qa.testCases.HomePageTest -->
